<?xml version="1.0" encoding="UTF-8"?>
<!-- Generated by org.testng.reporters.JUnitReportReporter -->
<testsuite hostname="DESKTOP-G2S5BGV" name="com.e2eproject.RestAPI.GetAPITests" tests="2" failures="0" timestamp="11 Oct 2019 00:51:29 GMT" time="1.122" errors="0">
  <testcase name="getAPITestWithHeaders" time="0.135" classname="com.e2eproject.RestAPI.GetAPITests"/>
  <testcase name="getAPITestWithoutHeaders" time="0.987" classname="com.e2eproject.RestAPI.GetAPITests"/>
</testsuite> <!-- com.e2eproject.RestAPI.GetAPITests -->
