<?xml version="1.0" encoding="UTF-8"?>
<!-- Generated by org.testng.reporters.JUnitReportReporter -->
<testsuite hostname="DESKTOP-G2S5BGV" name="com.e2eproject.collection.Iterationmethods" tests="4" failures="0" timestamp="25 Sep 2019 23:26:27 GMT" time="0.110" errors="0">
  <testcase name="ex3" time="0.016" classname="com.e2eproject.collection.Iterationmethods"/>
  <testcase name="ex4" time="0.000" classname="com.e2eproject.collection.Iterationmethods"/>
  <testcase name="ex2" time="0.016" classname="com.e2eproject.collection.Iterationmethods"/>
  <testcase name="iterateforeach" time="0.078" classname="com.e2eproject.collection.Iterationmethods"/>
</testsuite> <!-- com.e2eproject.collection.Iterationmethods -->
