<?xml version="1.0" encoding="UTF-8"?>
<!-- Generated by org.testng.reporters.JUnitReportReporter -->
<testsuite hostname="DESKTOP-G2S5BGV" name="com.e2eproject.collection.stringrepeatcheck" tests="2" failures="0" timestamp="27 Sep 2019 00:30:50 GMT" time="0.020" errors="0">
  <testcase name="reverseinteger" time="0.004" classname="com.e2eproject.collection.stringrepeatcheck"/>
  <testcase name="reverseString" time="0.016" classname="com.e2eproject.collection.stringrepeatcheck"/>
</testsuite> <!-- com.e2eproject.collection.stringrepeatcheck -->
