<?xml version="1.0" encoding="UTF-8"?>
<!-- Generated by org.testng.reporters.JUnitReportReporter -->
<testsuite hostname="DESKTOP-G2S5BGV" name="com.e2eproject.collection.duplicateelement" tests="1" failures="0" timestamp="27 Sep 2019 04:36:32 GMT" time="0.016" errors="0">
  <testcase name="duplicateleemnts" time="0.016" classname="com.e2eproject.collection.duplicateelement"/>
</testsuite> <!-- com.e2eproject.collection.duplicateelement -->
