<?xml version="1.0" encoding="UTF-8"?>
<!-- Generated by org.testng.reporters.JUnitReportReporter -->
<testsuite hostname="DESKTOP-G2S5BGV" name="com.e2eproject.collection.largestnumber" tests="1" failures="0" timestamp="27 Sep 2019 15:35:11 GMT" time="0.020" errors="0">
  <testcase name="largestnumber" time="0.020" classname="com.e2eproject.collection.largestnumber"/>
</testsuite> <!-- com.e2eproject.collection.largestnumber -->
